<?xml version="1.0" encoding="UTF-8"?>
<testsuite name="Nopcommerce"
           tests="3"
           failures="0"
           errors="0"
           skipped="0"
           time="7.928">
  <properties />
  
  
            <testcase name="verifyThatUserShouldBuildYouOwnComputerAndAddThemToCartSuccessfully" time="4.640" classname="com.nopcommerce.demo.testsuite.ComputerPageTest" />
                <testcase name="verifyUserShouldNavigateToDesktopsPageSuccessfully" time="2.214" classname="com.nopcommerce.demo.testsuite.ComputerPageTest" />
                <testcase name="verifyUserShouldNavigateToComputerPageSuccessfully" time="1.074" classname="com.nopcommerce.demo.testsuite.ComputerPageTest" />
      
</testsuite>
