<?xml version="1.0" encoding="UTF-8"?>
<testsuite name="Nopcommerce"
           tests="3"
           failures="0"
           errors="0"
           skipped="0"
           time="4.717">
  <properties />
  
  
            <testcase name="verifyThatFirstNameLastNameEmailPasswordAndConfirmPasswordFieldsAreMandatory" time="1.377" classname="com.nopcommerce.demo.testsuite.RegisterPageTest" />
                <testcase name="verifyUserShouldNavigateToRegisterPageSuccessfully" time="1.000" classname="com.nopcommerce.demo.testsuite.RegisterPageTest" />
                <testcase name="verifyThatUserShouldCreateAccountSuccessfully" time="2.340" classname="com.nopcommerce.demo.testsuite.RegisterPageTest" />
      
</testsuite>
